2013/12/01 19:46:43 [error] [exception.CHttpException.403] exception 'CHttpException' with message 'You are not allowed to access this page.' in /vagrant/yii/framework/gii/GiiModule.php:170
Stack trace:
#0 /vagrant/yii/framework/web/CController.php(263): GiiModule->beforeControllerAction(Object(DefaultController), Object(CInlineAction))
#1 /vagrant/yii/framework/web/CWebApplication.php(282): CController->run('')
#2 /vagrant/yii/framework/web/CWebApplication.php(141): CWebApplication->runController('gii')
#3 /vagrant/yii/framework/base/CApplication.php(180): CWebApplication->processRequest()
#4 /vagrant/trackstar/index.php(13): CApplication->run()
#5 {main}
REQUEST_URI=/trackstar/index.php?r=gii
---
2013/12/01 19:47:17 [error] [exception.CHttpException.403] exception 'CHttpException' with message 'You are not allowed to access this page.' in /vagrant/yii/framework/gii/GiiModule.php:170
Stack trace:
#0 /vagrant/yii/framework/web/CController.php(263): GiiModule->beforeControllerAction(Object(DefaultController), Object(CInlineAction))
#1 /vagrant/yii/framework/web/CWebApplication.php(282): CController->run('')
#2 /vagrant/yii/framework/web/CWebApplication.php(141): CWebApplication->runController('gii')
#3 /vagrant/yii/framework/base/CApplication.php(180): CWebApplication->processRequest()
#4 /vagrant/trackstar/index.php(13): CApplication->run()
#5 {main}
REQUEST_URI=/trackstar/index.php?r=gii
---
2013/12/01 19:48:04 [error] [exception.CHttpException.403] exception 'CHttpException' with message 'You are not allowed to access this page.' in /vagrant/yii/framework/gii/GiiModule.php:170
Stack trace:
#0 /vagrant/yii/framework/web/CController.php(263): GiiModule->beforeControllerAction(Object(DefaultController), Object(CInlineAction))
#1 /vagrant/yii/framework/web/CWebApplication.php(282): CController->run('')
#2 /vagrant/yii/framework/web/CWebApplication.php(141): CWebApplication->runController('gii')
#3 /vagrant/yii/framework/base/CApplication.php(180): CWebApplication->processRequest()
#4 /vagrant/trackstar/index.php(13): CApplication->run()
#5 {main}
REQUEST_URI=/trackstar/index.php?r=gii
---
2013/12/01 19:48:19 [error] [exception.CHttpException.403] exception 'CHttpException' with message 'You are not allowed to access this page.' in /vagrant/yii/framework/gii/GiiModule.php:170
Stack trace:
#0 /vagrant/yii/framework/web/CController.php(263): GiiModule->beforeControllerAction(Object(DefaultController), Object(CInlineAction))
#1 /vagrant/yii/framework/web/CWebApplication.php(282): CController->run('')
#2 /vagrant/yii/framework/web/CWebApplication.php(141): CWebApplication->runController('gii')
#3 /vagrant/yii/framework/base/CApplication.php(180): CWebApplication->processRequest()
#4 /vagrant/trackstar/index.php(13): CApplication->run()
#5 {main}
REQUEST_URI=/trackstar/index.php?r=gii
---
2013/12/01 19:48:21 [error] [exception.CHttpException.403] exception 'CHttpException' with message 'You are not allowed to access this page.' in /vagrant/yii/framework/gii/GiiModule.php:170
Stack trace:
#0 /vagrant/yii/framework/web/CController.php(263): GiiModule->beforeControllerAction(Object(DefaultController), Object(CInlineAction))
#1 /vagrant/yii/framework/web/CWebApplication.php(282): CController->run('')
#2 /vagrant/yii/framework/web/CWebApplication.php(141): CWebApplication->runController('gii')
#3 /vagrant/yii/framework/base/CApplication.php(180): CWebApplication->processRequest()
#4 /vagrant/trackstar/index.php(13): CApplication->run()
#5 {main}
REQUEST_URI=/trackstar/index.php?r=gii
---
2013/12/01 20:03:03 [error] [exception.CHttpException.400] exception 'CHttpException' with message 'Your request is invalid.' in /vagrant/yii/framework/web/CController.php:336
Stack trace:
#0 /vagrant/yii/framework/web/CController.php(309): CController->invalidActionParams(Object(CInlineAction))
#1 /vagrant/yii/framework/web/filters/CFilterChain.php(133): CController->runAction(Object(CInlineAction))
#2 /vagrant/yii/framework/web/filters/CFilter.php(40): CFilterChain->run()
#3 /vagrant/yii/framework/web/CController.php(1145): CFilter->filter(Object(CFilterChain))
#4 /vagrant/yii/framework/web/filters/CInlineFilter.php(58): CController->filterAccessControl(Object(CFilterChain))
#5 /vagrant/yii/framework/web/filters/CFilterChain.php(130): CInlineFilter->filter(Object(CFilterChain))
#6 /vagrant/yii/framework/web/CController.php(291): CFilterChain->run()
#7 /vagrant/yii/framework/web/CController.php(265): CController->runActionWithFilters(Object(CInlineAction), Array)
#8 /vagrant/yii/framework/web/CWebApplication.php(282): CController->run('view')
#9 /vagrant/yii/framework/web/CWebApplication.php(141): CWebApplication->runController('project/view')
#10 /vagrant/yii/framework/base/CApplication.php(180): CWebApplication->processRequest()
#11 /vagrant/trackstar/index.php(13): CApplication->run()
#12 {main}
REQUEST_URI=/trackstar/index.php?r=project/view
---
2013/12/01 20:03:16 [error] [exception.CHttpException.403] exception 'CHttpException' with message 'You are not authorized to perform this action.' in /vagrant/yii/framework/web/auth/CAccessControlFilter.php:182
Stack trace:
#0 /vagrant/yii/framework/web/auth/CAccessControlFilter.php(145): CAccessControlFilter->accessDenied(Object(CWebUser), 'You are not aut...')
#1 /vagrant/yii/framework/web/filters/CFilter.php(38): CAccessControlFilter->preFilter(Object(CFilterChain))
#2 /vagrant/yii/framework/web/CController.php(1145): CFilter->filter(Object(CFilterChain))
#3 /vagrant/yii/framework/web/filters/CInlineFilter.php(58): CController->filterAccessControl(Object(CFilterChain))
#4 /vagrant/yii/framework/web/filters/CFilterChain.php(130): CInlineFilter->filter(Object(CFilterChain))
#5 /vagrant/yii/framework/web/CController.php(291): CFilterChain->run()
#6 /vagrant/yii/framework/web/CController.php(265): CController->runActionWithFilters(Object(CInlineAction), Array)
#7 /vagrant/yii/framework/web/CWebApplication.php(282): CController->run('admin')
#8 /vagrant/yii/framework/web/CWebApplication.php(141): CWebApplication->runController('project/admin')
#9 /vagrant/yii/framework/base/CApplication.php(180): CWebApplication->processRequest()
#10 /vagrant/trackstar/index.php(13): CApplication->run()
#11 {main}
REQUEST_URI=/trackstar/index.php?r=project/admin
HTTP_REFERER=http://localhost:8888/trackstar/index.php?r=project/
---
2013/12/01 20:03:26 [error] [exception.CHttpException.404] exception 'CHttpException' with message 'The system is unable to find the requested action "list".' in /vagrant/yii/framework/web/CController.php:483
Stack trace:
#0 /vagrant/yii/framework/web/CController.php(270): CController->missingAction('list')
#1 /vagrant/yii/framework/web/CWebApplication.php(282): CController->run('list')
#2 /vagrant/yii/framework/web/CWebApplication.php(141): CWebApplication->runController('project/list')
#3 /vagrant/yii/framework/base/CApplication.php(180): CWebApplication->processRequest()
#4 /vagrant/trackstar/index.php(13): CApplication->run()
#5 {main}
REQUEST_URI=/trackstar/index.php?r=project/list
---
2013/12/01 20:04:12 [error] [exception.CHttpException.403] exception 'CHttpException' with message 'You are not authorized to perform this action.' in /vagrant/yii/framework/web/auth/CAccessControlFilter.php:182
Stack trace:
#0 /vagrant/yii/framework/web/auth/CAccessControlFilter.php(145): CAccessControlFilter->accessDenied(Object(CWebUser), 'You are not aut...')
#1 /vagrant/yii/framework/web/filters/CFilter.php(38): CAccessControlFilter->preFilter(Object(CFilterChain))
#2 /vagrant/yii/framework/web/CController.php(1145): CFilter->filter(Object(CFilterChain))
#3 /vagrant/yii/framework/web/filters/CInlineFilter.php(58): CController->filterAccessControl(Object(CFilterChain))
#4 /vagrant/yii/framework/web/filters/CFilterChain.php(130): CInlineFilter->filter(Object(CFilterChain))
#5 /vagrant/yii/framework/web/CController.php(291): CFilterChain->run()
#6 /vagrant/yii/framework/web/CController.php(265): CController->runActionWithFilters(Object(CInlineAction), Array)
#7 /vagrant/yii/framework/web/CWebApplication.php(282): CController->run('admin')
#8 /vagrant/yii/framework/web/CWebApplication.php(141): CWebApplication->runController('project/admin')
#9 /vagrant/yii/framework/base/CApplication.php(180): CWebApplication->processRequest()
#10 /vagrant/trackstar/index.php(13): CApplication->run()
#11 {main}
REQUEST_URI=/trackstar/index.php?r=project/admin
HTTP_REFERER=http://localhost:8888/trackstar/index.php?r=project/view&id=1
---
